2017-08-31 13:21:34,762 [Worker-0] INFO  c.g.t.t.d.PublishedGradleVersions - Gradle version information cache is out-of-date. Trying to update.
2017-08-31 13:24:24,890 [Worker-6] INFO  o.e.m.c.i.p.ProjectConfigurationManager - Collecting project info '/pom.xml' C:\Nuwan\Software\Repository\GitJavaTest\MavenTestG\pom.xml
2017-08-31 13:24:31,240 [Worker-6] INFO  o.e.m.c.i.l.LifecycleMappingFactory - Using org.eclipse.m2e.jdt.JarLifecycleMapping lifecycle mapping for MavenProject: MavenTestG:MavenTestG:0.0.1-SNAPSHOT @ C:\Nuwan\Software\Repository\GitJavaTest\MavenTestG\pom.xml.
2017-08-31 13:24:33,358 [Worker-6] INFO  o.e.m.j.i.AbstractJavaProjectConfigurator - Adding source folder /MavenTestG/src/main/java
2017-08-31 13:24:33,366 [Worker-6] INFO  o.e.m.j.i.AbstractJavaProjectConfigurator - Adding source folder /MavenTestG/src/test/java
2017-08-31 13:24:33,450 [Worker-6] INFO  o.e.m.c.i.p.ProjectConfigurationManager - Imported and configured 1 project(s) in 8 sec
2017-08-31 13:24:33,932 [Worker-3] INFO  o.e.m.c.i.embedder.EclipseLogger - Using 'UTF-8' encoding to copy filtered resources.
2017-08-31 13:24:33,933 [Worker-3] INFO  o.e.m.c.i.embedder.EclipseLogger - skip non existing resourceDirectory C:\Nuwan\Software\Repository\GitJavaTest\MavenTestG\src\main\resources
2017-08-31 13:24:33,935 [Worker-3] INFO  o.e.m.c.i.embedder.EclipseLogger - Using 'UTF-8' encoding to copy filtered resources.
2017-08-31 13:24:33,936 [Worker-3] INFO  o.e.m.c.i.embedder.EclipseLogger - skip non existing resourceDirectory C:\Nuwan\Software\Repository\GitJavaTest\MavenTestG\src\test\resources
2017-08-31 13:25:21,401 [Worker-0] INFO  o.e.m.c.i.embedder.EclipseLogger - Using 'UTF-8' encoding to copy filtered resources.
2017-08-31 13:25:21,401 [Worker-0] INFO  o.e.m.c.i.embedder.EclipseLogger - skip non existing resourceDirectory C:\Nuwan\Software\Repository\GitJavaTest\MavenTestG\src\main\resources
2017-08-31 13:25:21,403 [Worker-0] INFO  o.e.m.c.i.embedder.EclipseLogger - Using 'UTF-8' encoding to copy filtered resources.
2017-08-31 13:25:21,403 [Worker-0] INFO  o.e.m.c.i.embedder.EclipseLogger - skip non existing resourceDirectory C:\Nuwan\Software\Repository\GitJavaTest\MavenTestG\src\test\resources
2017-08-31 13:25:55,610 [Worker-1] INFO  o.e.m.c.i.embedder.EclipseLogger - Using 'UTF-8' encoding to copy filtered resources.
2017-08-31 13:25:55,611 [Worker-1] INFO  o.e.m.c.i.embedder.EclipseLogger - skip non existing resourceDirectory C:\Nuwan\Software\Repository\GitJavaTest\MavenTestG\src\main\resources
2017-08-31 13:25:55,619 [Worker-1] INFO  o.e.m.c.i.embedder.EclipseLogger - Using 'UTF-8' encoding to copy filtered resources.
2017-08-31 13:25:55,619 [Worker-1] INFO  o.e.m.c.i.embedder.EclipseLogger - skip non existing resourceDirectory C:\Nuwan\Software\Repository\GitJavaTest\MavenTestG\src\test\resources
2017-08-31 13:25:56,641 [Worker-7] INFO  o.e.m.c.i.embedder.EclipseLogger - Using 'UTF-8' encoding to copy filtered resources.
2017-08-31 13:25:56,642 [Worker-7] INFO  o.e.m.c.i.embedder.EclipseLogger - skip non existing resourceDirectory C:\Nuwan\Software\Repository\GitJavaTest\MavenTestG\src\main\resources
2017-08-31 13:25:56,653 [Worker-7] INFO  o.e.m.c.i.embedder.EclipseLogger - Using 'UTF-8' encoding to copy filtered resources.
2017-08-31 13:25:56,663 [Worker-7] INFO  o.e.m.c.i.embedder.EclipseLogger - skip non existing resourceDirectory C:\Nuwan\Software\Repository\GitJavaTest\MavenTestG\src\test\resources
2017-08-31 13:26:50,032 [Worker-8] INFO  o.e.m.c.i.embedder.EclipseLogger - Using 'UTF-8' encoding to copy filtered resources.
2017-08-31 13:26:50,033 [Worker-8] INFO  o.e.m.c.i.embedder.EclipseLogger - skip non existing resourceDirectory C:\Nuwan\Software\Repository\GitJavaTest\MavenTestG\src\main\resources
2017-08-31 13:26:50,054 [Worker-8] INFO  o.e.m.c.i.embedder.EclipseLogger - Using 'UTF-8' encoding to copy filtered resources.
2017-08-31 13:26:50,069 [Worker-8] INFO  o.e.m.c.i.embedder.EclipseLogger - skip non existing resourceDirectory C:\Nuwan\Software\Repository\GitJavaTest\MavenTestG\src\test\resources
2017-08-31 13:27:42,925 [Worker-11] INFO  o.e.m.c.i.embedder.EclipseLogger - Using 'UTF-8' encoding to copy filtered resources.
2017-08-31 13:27:42,926 [Worker-11] INFO  o.e.m.c.i.embedder.EclipseLogger - skip non existing resourceDirectory C:\Nuwan\Software\Repository\GitJavaTest\MavenTestG\src\main\resources
2017-08-31 13:27:42,936 [Worker-11] INFO  o.e.m.c.i.embedder.EclipseLogger - Using 'UTF-8' encoding to copy filtered resources.
2017-08-31 13:27:42,945 [Worker-11] INFO  o.e.m.c.i.embedder.EclipseLogger - skip non existing resourceDirectory C:\Nuwan\Software\Repository\GitJavaTest\MavenTestG\src\test\resources
2017-08-31 13:28:21,324 [Worker-4] INFO  o.e.m.i.launch.MavenLaunchDelegate - C:\Nuwan\Software\Repository\GitJavaTest\MavenTestG
2017-08-31 13:28:21,325 [Worker-4] INFO  o.e.m.i.launch.MavenLaunchDelegate -  mvn -B test
2017-08-31 13:28:25,187 [Worker-6] INFO  o.e.m.c.i.embedder.EclipseLogger - Using 'UTF-8' encoding to copy filtered resources.
2017-08-31 13:28:25,204 [Worker-6] INFO  o.e.m.c.i.embedder.EclipseLogger - skip non existing resourceDirectory C:\Nuwan\Software\Repository\GitJavaTest\MavenTestG\src\main\resources
2017-08-31 13:28:25,213 [Worker-6] INFO  o.e.m.c.i.embedder.EclipseLogger - Using 'UTF-8' encoding to copy filtered resources.
2017-08-31 13:28:25,213 [Worker-6] INFO  o.e.m.c.i.embedder.EclipseLogger - skip non existing resourceDirectory C:\Nuwan\Software\Repository\GitJavaTest\MavenTestG\src\test\resources
